<?xml version="1.0" encoding="UTF-8"?>
<trace:TraceModel
    xmi:version="2.0"
    xmlns:xmi="http://www.omg.org/XMI"
    xmlns:trace="http://www.eclipse.org/gmf/2006/Trace">
  <nodeTraces
      visualID="2003"
      queryText="(let _eClass_:ecore::EClass = modelFacet.metaClass.ecoreClass in _eClass_.ePackage.nsURI = 'http://demobuilder.agreement.metamodel' and _eClass_.name = 'Context') and (let _containmentMF_:ecore::EStructuralFeature = modelFacet.containmentMetaFeature.ecoreFeature in (let _eClass_:ecore::EClass = _containmentMF_.eContainingClass in _eClass_.ePackage.nsURI = 'http://demobuilder.agreement.metamodel' and _eClass_.name = 'AgreementModel') and _containmentMF_.name = 'context')">
    <compartmentTraces
        visualID="7015"
        queryText="true"/>
    <compartmentTraces
        visualID="7016"
        queryText="true"/>
  </nodeTraces>
  <nodeTraces
      visualID="2004"
      queryText="(let _eClass_:ecore::EClass = modelFacet.metaClass.ecoreClass in _eClass_.ePackage.nsURI = 'http://demobuilder.agreement.metamodel' and _eClass_.name = 'AgreementTerm') and (let _containmentMF_:ecore::EStructuralFeature = modelFacet.containmentMetaFeature.ecoreFeature in (let _eClass_:ecore::EClass = _containmentMF_.eContainingClass in _eClass_.ePackage.nsURI = 'http://demobuilder.agreement.metamodel' and _eClass_.name = 'AgreementModel') and _containmentMF_.name = 'agTerm')">
    <compartmentTraces
        visualID="7019"
        queryText="true"/>
    <compartmentTraces
        visualID="7020"
        queryText="true"/>
    <compartmentTraces
        visualID="7021"
        queryText="true"/>
  </nodeTraces>
  <childNodeTraces
      visualID="3016"
      queryText="(let _eClass_:ecore::EClass = modelFacet.metaClass.ecoreClass in _eClass_.ePackage.nsURI = 'http://demobuilder.agreement.metamodel' and _eClass_.name = 'Actor') and (let _containmentMF_:ecore::EStructuralFeature = modelFacet.containmentMetaFeature.ecoreFeature in (let _eClass_:ecore::EClass = _containmentMF_.eContainingClass in _eClass_.ePackage.nsURI = 'http://demobuilder.agreement.metamodel' and _eClass_.name = 'Context') and _containmentMF_.name = 'actors')">
    <nodeLabelTraces
        visualID="5015"
        queryText="true"/>
  </childNodeTraces>
  <childNodeTraces
      visualID="3017"
      queryText="(let _eClass_:ecore::EClass = modelFacet.metaClass.ecoreClass in _eClass_.ePackage.nsURI = 'http://demobuilder.agreement.metamodel' and _eClass_.name = 'Metric') and (let _containmentMF_:ecore::EStructuralFeature = modelFacet.containmentMetaFeature.ecoreFeature in (let _eClass_:ecore::EClass = _containmentMF_.eContainingClass in _eClass_.ePackage.nsURI = 'http://demobuilder.agreement.metamodel' and _eClass_.name = 'Context') and _containmentMF_.name = 'metrics')">
    <nodeLabelTraces
        visualID="5018"
        queryText="true"/>
    <compartmentTraces
        visualID="7017"
        queryText="true"/>
  </childNodeTraces>
  <childNodeTraces
      visualID="3018"
      queryText="(let _eClass_:ecore::EClass = modelFacet.metaClass.ecoreClass in _eClass_.ePackage.nsURI = 'http://demobuilder.agreement.metamodel' and _eClass_.name = 'Range') and (let _containmentMF_:ecore::EStructuralFeature = modelFacet.containmentMetaFeature.ecoreFeature in (let _eClass_:ecore::EClass = _containmentMF_.eContainingClass in _eClass_.ePackage.nsURI = 'http://demobuilder.agreement.metamodel' and _eClass_.name = 'Metric') and _containmentMF_.name = 'domain')">
    <nodeLabelTraces
        visualID="5016"
        queryText="true"/>
  </childNodeTraces>
  <childNodeTraces
      visualID="3019"
      queryText="(let _eClass_:ecore::EClass = modelFacet.metaClass.ecoreClass in _eClass_.ePackage.nsURI = 'http://demobuilder.agreement.metamodel' and _eClass_.name = 'Enumerated') and (let _containmentMF_:ecore::EStructuralFeature = modelFacet.containmentMetaFeature.ecoreFeature in (let _eClass_:ecore::EClass = _containmentMF_.eContainingClass in _eClass_.ePackage.nsURI = 'http://demobuilder.agreement.metamodel' and _eClass_.name = 'Metric') and _containmentMF_.name = 'domain')">
    <compartmentTraces
        visualID="7018"
        queryText="true"/>
  </childNodeTraces>
  <childNodeTraces
      visualID="3020"
      queryText="(let _eClass_:ecore::EClass = modelFacet.metaClass.ecoreClass in _eClass_.ePackage.nsURI = 'http://demobuilder.agreement.metamodel' and _eClass_.name = 'Value') and (let _containmentMF_:ecore::EStructuralFeature = modelFacet.containmentMetaFeature.ecoreFeature in (let _eClass_:ecore::EClass = _containmentMF_.eContainingClass in _eClass_.ePackage.nsURI = 'http://demobuilder.agreement.metamodel' and _eClass_.name = 'Enumerated') and _containmentMF_.name = 'values')">
    <nodeLabelTraces
        visualID="5017"
        queryText="true"/>
  </childNodeTraces>
  <childNodeTraces
      visualID="3021"
      queryText="(let _eClass_:ecore::EClass = modelFacet.metaClass.ecoreClass in _eClass_.ePackage.nsURI = 'http://demobuilder.agreement.metamodel' and _eClass_.name = 'MonitorableProperty') and (let _containmentMF_:ecore::EStructuralFeature = modelFacet.containmentMetaFeature.ecoreFeature in (let _eClass_:ecore::EClass = _containmentMF_.eContainingClass in _eClass_.ePackage.nsURI = 'http://demobuilder.agreement.metamodel' and _eClass_.name = 'AgreementTerm') and _containmentMF_.name = 'monitorableProperties')">
    <nodeLabelTraces
        visualID="5019"
        queryText="true"/>
  </childNodeTraces>
  <childNodeTraces
      visualID="3022"
      queryText="(let _eClass_:ecore::EClass = modelFacet.metaClass.ecoreClass in _eClass_.ePackage.nsURI = 'http://demobuilder.agreement.metamodel' and _eClass_.name = 'ServiceConfiguration') and (let _containmentMF_:ecore::EStructuralFeature = modelFacet.containmentMetaFeature.ecoreFeature in (let _eClass_:ecore::EClass = _containmentMF_.eContainingClass in _eClass_.ePackage.nsURI = 'http://demobuilder.agreement.metamodel' and _eClass_.name = 'AgreementTerm') and _containmentMF_.name = 'serviceConfigurarion')">
    <nodeLabelTraces
        visualID="5023"
        queryText="true"/>
    <compartmentTraces
        visualID="7022"
        queryText="true"/>
    <compartmentTraces
        visualID="7023"
        queryText="true"/>
  </childNodeTraces>
  <childNodeTraces
      visualID="3023"
      queryText="(let _eClass_:ecore::EClass = modelFacet.metaClass.ecoreClass in _eClass_.ePackage.nsURI = 'http://demobuilder.agreement.metamodel' and _eClass_.name = 'ConfigurationProperty') and (let _containmentMF_:ecore::EStructuralFeature = modelFacet.containmentMetaFeature.ecoreFeature in (let _eClass_:ecore::EClass = _containmentMF_.eContainingClass in _eClass_.ePackage.nsURI = 'http://demobuilder.agreement.metamodel' and _eClass_.name = 'ServiceConfiguration') and _containmentMF_.name = 'configurationProperties')">
    <nodeLabelTraces
        visualID="5020"
        queryText="true"/>
  </childNodeTraces>
  <childNodeTraces
      visualID="3024"
      queryText="(let _eClass_:ecore::EClass = modelFacet.metaClass.ecoreClass in _eClass_.ePackage.nsURI = 'http://demobuilder.agreement.metamodel' and _eClass_.name = 'Feature') and (let _containmentMF_:ecore::EStructuralFeature = modelFacet.containmentMetaFeature.ecoreFeature in (let _eClass_:ecore::EClass = _containmentMF_.eContainingClass in _eClass_.ePackage.nsURI = 'http://demobuilder.agreement.metamodel' and _eClass_.name = 'ServiceConfiguration') and _containmentMF_.name = 'features')">
    <nodeLabelTraces
        visualID="5022"
        queryText="true"/>
    <compartmentTraces
        visualID="7024"
        queryText="true"/>
  </childNodeTraces>
  <childNodeTraces
      visualID="3025"
      queryText="(let _eClass_:ecore::EClass = modelFacet.metaClass.ecoreClass in _eClass_.ePackage.nsURI = 'http://demobuilder.agreement.metamodel' and _eClass_.name = 'Parameter') and (let _containmentMF_:ecore::EStructuralFeature = modelFacet.containmentMetaFeature.ecoreFeature in (let _eClass_:ecore::EClass = _containmentMF_.eContainingClass in _eClass_.ePackage.nsURI = 'http://demobuilder.agreement.metamodel' and _eClass_.name = 'Feature') and _containmentMF_.name = 'parameters')">
    <nodeLabelTraces
        visualID="5021"
        queryText="true"/>
  </childNodeTraces>
  <childNodeTraces
      visualID="3026"
      queryText="(let _eClass_:ecore::EClass = modelFacet.metaClass.ecoreClass in _eClass_.ePackage.nsURI = 'http://demobuilder.agreement.metamodel' and _eClass_.name = 'GuaranteeTerm') and (let _containmentMF_:ecore::EStructuralFeature = modelFacet.containmentMetaFeature.ecoreFeature in (let _eClass_:ecore::EClass = _containmentMF_.eContainingClass in _eClass_.ePackage.nsURI = 'http://demobuilder.agreement.metamodel' and _eClass_.name = 'AgreementTerm') and _containmentMF_.name = 'guaranteeTerms')">
    <nodeLabelTraces
        visualID="5028"
        queryText="true"/>
    <compartmentTraces
        visualID="7025"
        queryText="true"/>
    <compartmentTraces
        visualID="7026"
        queryText="true"/>
    <compartmentTraces
        visualID="7027"
        queryText="true"/>
  </childNodeTraces>
  <childNodeTraces
      visualID="3027"
      queryText="(let _eClass_:ecore::EClass = modelFacet.metaClass.ecoreClass in _eClass_.ePackage.nsURI = 'http://demobuilder.agreement.metamodel' and _eClass_.name = 'SLO') and (let _containmentMF_:ecore::EStructuralFeature = modelFacet.containmentMetaFeature.ecoreFeature in (let _eClass_:ecore::EClass = _containmentMF_.eContainingClass in _eClass_.ePackage.nsURI = 'http://demobuilder.agreement.metamodel' and _eClass_.name = 'GuaranteeTerm') and _containmentMF_.name = 'slo')">
    <nodeLabelTraces
        visualID="5024"
        queryText="true"/>
  </childNodeTraces>
  <childNodeTraces
      visualID="3028"
      queryText="(let _eClass_:ecore::EClass = modelFacet.metaClass.ecoreClass in _eClass_.ePackage.nsURI = 'http://demobuilder.agreement.metamodel' and _eClass_.name = 'QualifyingCondition') and (let _containmentMF_:ecore::EStructuralFeature = modelFacet.containmentMetaFeature.ecoreFeature in (let _eClass_:ecore::EClass = _containmentMF_.eContainingClass in _eClass_.ePackage.nsURI = 'http://demobuilder.agreement.metamodel' and _eClass_.name = 'GuaranteeTerm') and _containmentMF_.name = 'qualifyingCondition')">
    <nodeLabelTraces
        visualID="5025"
        queryText="true"/>
  </childNodeTraces>
  <childNodeTraces
      visualID="3029"
      queryText="(let _eClass_:ecore::EClass = modelFacet.metaClass.ecoreClass in _eClass_.ePackage.nsURI = 'http://demobuilder.agreement.metamodel' and _eClass_.name = 'Compensation') and (let _containmentMF_:ecore::EStructuralFeature = modelFacet.containmentMetaFeature.ecoreFeature in (let _eClass_:ecore::EClass = _containmentMF_.eContainingClass in _eClass_.ePackage.nsURI = 'http://demobuilder.agreement.metamodel' and _eClass_.name = 'GuaranteeTerm') and _containmentMF_.name = 'compensations')">
    <nodeLabelTraces
        visualID="5027"
        queryText="true"/>
    <compartmentTraces
        visualID="7028"
        queryText="true"/>
  </childNodeTraces>
  <childNodeTraces
      visualID="3030"
      queryText="(let _eClass_:ecore::EClass = modelFacet.metaClass.ecoreClass in _eClass_.ePackage.nsURI = 'http://demobuilder.agreement.metamodel' and _eClass_.name = 'CompensationElement') and (let _containmentMF_:ecore::EStructuralFeature = modelFacet.containmentMetaFeature.ecoreFeature in (let _eClass_:ecore::EClass = _containmentMF_.eContainingClass in _eClass_.ePackage.nsURI = 'http://demobuilder.agreement.metamodel' and _eClass_.name = 'Compensation') and _containmentMF_.name = 'compensationElements')">
    <nodeLabelTraces
        visualID="5026"
        queryText="true"/>
  </childNodeTraces>
  <linkTraces
      visualID="4003"
      queryText="modelFacet.oclIsKindOf(gmfgen::FeatureLinkModelFacet) and (let _feature_:ecore::EStructuralFeature = modelFacet.oclAsType(gmfgen::FeatureLinkModelFacet).metaFeature.ecoreFeature in (let _eClass_:ecore::EClass = _feature_.eContainingClass in _eClass_.ePackage.nsURI = 'http://demobuilder.agreement.metamodel' and _eClass_.name = 'Property') and _feature_.name = 'features')">
    <linkLabelTraces
        visualID="6003"
        queryText="true"/>
  </linkTraces>
  <linkTraces
      visualID="4004"
      queryText="modelFacet.oclIsKindOf(gmfgen::FeatureLinkModelFacet) and (let _feature_:ecore::EStructuralFeature = modelFacet.oclAsType(gmfgen::FeatureLinkModelFacet).metaFeature.ecoreFeature in (let _eClass_:ecore::EClass = _feature_.eContainingClass in _eClass_.ePackage.nsURI = 'http://demobuilder.agreement.metamodel' and _eClass_.name = 'Property') and _feature_.name = 'metric')">
    <linkLabelTraces
        visualID="6004"
        queryText="true"/>
  </linkTraces>
</trace:TraceModel>
